==TEST==
4

==7203== Memcheck, a memory error detector
==7203== Copyright (C) 2002-2015, and GNU GPL'd, by Julian Seward et al.
==7203== Using Valgrind-3.11.0 and LibVEX; rerun with -h for copyright info
==7203== Command: ./test
==7203== 
==7203== 
==7203== HEAP SUMMARY:
==7203==     in use at exit: 16 bytes in 1 blocks
==7203==   total heap usage: 1 allocs, 0 frees, 16 bytes allocated
==7203== 
==7203== 16 bytes in 1 blocks are definitely lost in loss record 1 of 1
==7203==    at 0x4C2BBCF: malloc (in /usr/lib/valgrind/vgpreload_memcheck-amd64-linux.so)
==7203==    by 0x4006E3: main (test.c:8)
==7203== 
==7203== LEAK SUMMARY:
==7203==    definitely lost: 16 bytes in 1 blocks
==7203==    indirectly lost: 0 bytes in 0 blocks
==7203==      possibly lost: 0 bytes in 0 blocks
==7203==    still reachable: 0 bytes in 0 blocks
==7203==         suppressed: 0 bytes in 0 blocks
==7203== 
==7203== For counts of detected and suppressed errors, rerun with: -v
==7203== ERROR SUMMARY: 1 errors from 1 contexts (suppressed: 0 from 0)
